c:\users\shamil\source\repos\cpp_mathematics\cpp-cli\x64\debug\cpp-cli.pch
c:\users\shamil\source\repos\cpp_mathematics\cpp-cli\x64\debug\vc142.pdb
c:\users\shamil\source\repos\cpp_mathematics\cpp-cli\x64\debug\pch.obj
c:\users\shamil\source\repos\cpp_mathematics\cpp-cli\x64\debug\cpp-cli.obj
c:\users\shamil\source\repos\cpp_mathematics\cpp-cli\x64\debug\assemblyinfo.obj
c:\users\shamil\source\repos\cpp_mathematics\cpp-cli\x64\debug\.netframework,version=v4.6.1.assemblyattributes.obj
c:\users\shamil\source\repos\cpp_mathematics\x64\debug\cpp-cli.exe
c:\users\shamil\source\repos\cpp_mathematics\x64\debug\cpp-cli.pdb
c:\users\shamil\source\repos\cpp_mathematics\cpp-cli\x64\debug\app.res
c:\users\shamil\source\repos\cpp_mathematics\cpp-cli\x64\debug\cpp-cli.tlog\cl.command.1.tlog
c:\users\shamil\source\repos\cpp_mathematics\cpp-cli\x64\debug\cpp-cli.tlog\cl.read.1.tlog
c:\users\shamil\source\repos\cpp_mathematics\cpp-cli\x64\debug\cpp-cli.tlog\cl.write.1.tlog
c:\users\shamil\source\repos\cpp_mathematics\cpp-cli\x64\debug\cpp-cli.tlog\link.command.1.tlog
c:\users\shamil\source\repos\cpp_mathematics\cpp-cli\x64\debug\cpp-cli.tlog\link.read.1.tlog
c:\users\shamil\source\repos\cpp_mathematics\cpp-cli\x64\debug\cpp-cli.tlog\link.write.1.tlog
c:\users\shamil\source\repos\cpp_mathematics\cpp-cli\x64\debug\cpp-cli.tlog\metagen.read.1.tlog
c:\users\shamil\source\repos\cpp_mathematics\cpp-cli\x64\debug\cpp-cli.tlog\metagen.write.1.tlog
c:\users\shamil\source\repos\cpp_mathematics\cpp-cli\x64\debug\cpp-cli.tlog\rc.command.1.tlog
c:\users\shamil\source\repos\cpp_mathematics\cpp-cli\x64\debug\cpp-cli.tlog\rc.read.1.tlog
c:\users\shamil\source\repos\cpp_mathematics\cpp-cli\x64\debug\cpp-cli.tlog\rc.write.1.tlog
